During startup - Warning messages:
1: Setting LC_CTYPE failed, using "C" 
2: Setting LC_COLLATE failed, using "C" 
3: Setting LC_TIME failed, using "C" 
4: Setting LC_MESSAGES failed, using "C" 
5: Setting LC_MONETARY failed, using "C" 
6: Setting LC_PAPER failed, using "C" 
7: Setting LC_MEASUREMENT failed, using "C" 
here() starts at /projects/wrobel/users/linlin/bios731_hw2_linlin
Warning message:
In dir.create(out_dir, recursive = TRUE) :
  '/projects/wrobel/users/linlin/bios731_hw2_linlin/data/scenarios' already exists
Saved: scenario_01_n10_bt0_errnormal.rds
Saved: scenario_02_n50_bt0_errnormal.rds
Saved: scenario_03_n500_bt0_errnormal.rds
Saved: scenario_04_n10_bt0p5_errnormal.rds
Saved: scenario_05_n50_bt0p5_errnormal.rds
Saved: scenario_06_n500_bt0p5_errnormal.rds
Saved: scenario_07_n10_bt2_errnormal.rds
Saved: scenario_08_n50_bt2_errnormal.rds
Saved: scenario_09_n500_bt2_errnormal.rds
Saved: scenario_10_n10_bt0_errt3.rds
Saved: scenario_11_n50_bt0_errt3.rds
Saved: scenario_12_n500_bt0_errt3.rds
Saved: scenario_13_n10_bt0p5_errt3.rds
Saved: scenario_14_n50_bt0p5_errt3.rds
slurmstepd: error: *** JOB 35218155 ON node207 CANCELLED AT 2026-02-07T19:50:36 ***
